[debug] [2019-01-17T17:04:37.059Z] ----------------------------------------------------------------------
[debug] [2019-01-17T17:04:37.063Z] Command:       C:\Program Files\nodejs\node.exe C:\Users\julie\AppData\Roaming\npm\node_modules\firebase-tools\lib\bin\firebase.js serve
[debug] [2019-01-17T17:04:37.063Z] CLI Version:   6.3.0
[debug] [2019-01-17T17:04:37.063Z] Platform:      win32
[debug] [2019-01-17T17:04:37.063Z] Node Version:  v11.6.0
[debug] [2019-01-17T17:04:37.065Z] Time:          Thu Jan 17 2019 18:04:37 GMT+0100 (GMT+01:00)
[debug] [2019-01-17T17:04:37.065Z] ----------------------------------------------------------------------
[debug] 
[debug] [2019-01-17T17:04:37.078Z] > command requires scopes: ["email","openid","https://www.googleapis.com/auth/cloudplatformprojects.readonly","https://www.googleapis.com/auth/firebase","https://www.googleapis.com/auth/cloud-platform"]
[debug] [2019-01-17T17:04:37.078Z] > authorizing via signed-in user
[debug] [2019-01-17T17:04:37.078Z] [iam] checking project site-digitalplace for permissions ["firebase.projects.get"]
[debug] [2019-01-17T17:04:37.083Z] >>> HTTP REQUEST POST https://cloudresourcemanager.googleapis.com/v1/projects/site-digitalplace:testIamPermissions  

[debug] [2019-01-17T17:04:38.065Z] <<< HTTP RESPONSE 200
[debug] [2019-01-17T17:04:38.070Z] >>> HTTP REQUEST GET https://cloudresourcemanager.googleapis.com/v1/projects/site-digitalplace  
 
[debug] [2019-01-17T17:04:38.287Z] <<< HTTP RESPONSE 200
[info] 
[info] === Serving from 'C:\dev\digitalplace\signaturedemails'...
[info] 
[debug] [2019-01-17T17:04:38.305Z] >>> HTTP REQUEST GET https://mobilesdk-pa.googleapis.com/v1/projects/1008124822392/clients/_:getWebAppConfig  
 
[debug] [2019-01-17T17:04:38.642Z] <<< HTTP RESPONSE 200
[info] i  hosting: Serving hosting files from: Y
[info] +  hosting: Local server: http://localhost:5000
